-------------------------------------------------------------------------------
Test set: AVLtree.AVLTree_ESTest
-------------------------------------------------------------------------------
Tests run: 25, Failures: 0, Errors: 1, Skipped: 0, Time elapsed: 0.649 sec <<< FAILURE!
test07(AVLtree.AVLTree_ESTest)  Time elapsed: 0.015 sec  <<< ERROR!
java.lang.StackOverflowError
	at org.evosuite.runtime.LoopCounter.checkLoop(LoopCounter.java:101)
	at AVLtree.AVLTree.insert(AVLTree.java:46)
	at AVLtree.AVLTree.insert(AVLTree.java:49)
	at AVLtree.AVLTree.insert(AVLTree.java:49)
	at AVLtree.AVLTree.insert(AVLTree.java:49)
	at AVLtree.AVLTree.insert(AVLTree.java:49)
	at AVLtree.AVLTree.insert(AVLTree.java:49)
	at AVLtree.AVLTree.insert(AVLTree.java:49)
	at AVLtree.AVLTree.insert(AVLTree.java:49)
	at AVLtree.AVLTree.insert(AVLTree.java:49)
	at AVLtree.AVLTree.insert(AVLTree.java:49)
	at AVLtree.AVLTree.insert(AVLTree.java:49)
	at AVLtree.AVLTree.insert(AVLTree.java:49)
	at AVLtree.AVLTree.insert(AVLTree.java:49)
	at AVLtree.AVLTree.insert(AVLTree.java:49)
	at AVLtree.AVLTree.insert(AVLTree.java:49)
	at AVLtree.AVLTree.insert(AVLTree.java:49)
	at AVLtree.AVLTree.insert(AVLTree.java:49)
	at AVLtree.AVLTree.insert(AVLTree.java:49)
	at AVLtree.AVLTree.insert(AVLTree.java:49)
	at AVLtree.AVLTree.insert(AVLTree.java:49)
	at AVLtree.AVLTree.insert(AVLTree.java:49)
	at AVLtree.AVLTree.insert(AVLTree.java:49)
	at AVLtree.AVLTree.insert(AVLTree.java:49)
	at AVLtree.AVLTree.insert(AVLTree.java:49)
	at AVLtree.AVLTree.insert(AVLTree.java:49)
	at AVLtree.AVLTree.insert(AVLTree.java:49)
	at AVLtree.AVLTree.insert(AVLTree.java:49)
	at AVLtree.AVLTree.insert(AVLTree.java:49)
	at AVLtree.AVLTree.insert(AVLTree.java:49)
	at AVLtree.AVLTree.insert(AVLTree.java:49)
	at AVLtree.AVLTree.insert(AVLTree.java:49)
	at AVLtree.AVLTree.insert(AVLTree.java:49)
	at AVLtree.AVLTree.insert(AVLTree.java:49)
	at AVLtree.AVLTree.insert(AVLTree.java:49)
	at AVLtree.AVLTree.insert(AVLTree.java:49)
	at AVLtree.AVLTree.insert(AVLTree.java:49)
	at AVLtree.AVLTree.insert(AVLTree.java:49)
	at AVLtree.AVLTree.insert(AVLTree.java:49)
	at AVLtree.AVLTree.insert(AVLTree.java:49)
	at AVLtree.AVLTree.insert(AVLTree.java:49)
	at AVLtree.AVLTree.insert(AVLTree.java:49)
	at AVLtree.AVLTree.insert(AVLTree.java:49)
	at AVLtree.AVLTree.insert(AVLTree.java:49)
	at AVLtree.AVLTree.insert(AVLTree.java:49)
	at AVLtree.AVLTree.insert(AVLTree.java:49)
	at AVLtree.AVLTree.insert(AVLTree.java:49)
	at AVLtree.AVLTree.insert(AVLTree.java:49)
	at AVLtree.AVLTree.insert(AVLTree.java:49)
	at AVLtree.AVLTree.insert(AVLTree.java:49)
	at AVLtree.AVLTree.insert(AVLTree.java:49)
	at AVLtree.AVLTree.insert(AVLTree.java:49)
	at AVLtree.AVLTree.insert(AVLTree.java:49)
	at AVLtree.AVLTree.insert(AVLTree.java:49)
	at AVLtree.AVLTree.insert(AVLTree.java:49)
	at AVLtree.AVLTree.insert(AVLTree.java:49)
	at AVLtree.AVLTree.insert(AVLTree.java:49)
	at AVLtree.AVLTree.insert(AVLTree.java:49)
	at AVLtree.AVLTree.insert(AVLTree.java:49)
	at AVLtree.AVLTree.insert(AVLTree.java:49)
	at AVLtree.AVLTree.insert(AVLTree.java:49)
	at AVLtree.AVLTree.insert(AVLTree.java:49)
	at AVLtree.AVLTree.insert(AVLTree.java:49)
	at AVLtree.AVLTree.insert(AVLTree.java:49)
	at AVLtree.AVLTree.insert(AVLTree.java:49)
	at AVLtree.AVLTree.insert(AVLTree.java:49)
	at AVLtree.AVLTree.insert(AVLTree.java:49)
	at AVLtree.AVLTree.insert(AVLTree.java:49)
	at AVLtree.AVLTree.insert(AVLTree.java:49)
	at AVLtree.AVLTree.insert(AVLTree.java:49)
	at AVLtree.AVLTree.insert(AVLTree.java:49)
	at AVLtree.AVLTree.insert(AVLTree.java:49)
	at AVLtree.AVLTree.insert(AVLTree.java:49)
	at AVLtree.AVLTree.insert(AVLTree.java:49)
	at AVLtree.AVLTree.insert(AVLTree.java:49)
	at AVLtree.AVLTree.insert(AVLTree.java:49)
	at AVLtree.AVLTree.insert(AVLTree.java:49)
	at AVLtree.AVLTree.insert(AVLTree.java:49)
	at AVLtree.AVLTree.insert(AVLTree.java:49)
	at AVLtree.AVLTree.insert(AVLTree.java:49)
	at AVLtree.AVLTree.insert(AVLTree.java:49)
	at AVLtree.AVLTree.insert(AVLTree.java:49)
	at AVLtree.AVLTree.insert(AVLTree.java:49)
	at AVLtree.AVLTree.insert(AVLTree.java:49)
	at AVLtree.AVLTree.insert(AVLTree.java:49)
	at AVLtree.AVLTree.insert(AVLTree.java:49)
	at AVLtree.AVLTree.insert(AVLTree.java:49)
	at AVLtree.AVLTree.insert(AVLTree.java:49)
	at AVLtree.AVLTree.insert(AVLTree.java:49)
	at AVLtree.AVLTree.insert(AVLTree.java:49)
	at AVLtree.AVLTree.insert(AVLTree.java:49)
	at AVLtree.AVLTree.insert(AVLTree.java:49)
	at AVLtree.AVLTree.insert(AVLTree.java:49)
	at AVLtree.AVLTree.insert(AVLTree.java:49)
	at AVLtree.AVLTree.insert(AVLTree.java:49)
	at AVLtree.AVLTree.insert(AVLTree.java:49)
	at AVLtree.AVLTree.insert(AVLTree.java:49)
	at AVLtree.AVLTree.insert(AVLTree.java:49)
	at AVLtree.AVLTree.insert(AVLTree.java:49)
	at AVLtree.AVLTree.insert(AVLTree.java:49)
	at AVLtree.AVLTree.insert(AVLTree.java:49)
	at AVLtree.AVLTree.insert(AVLTree.java:49)
	at AVLtree.AVLTree.insert(AVLTree.java:49)
	at AVLtree.AVLTree.insert(AVLTree.java:49)
	at AVLtree.AVLTree.insert(AVLTree.java:49)
	at AVLtree.AVLTree.insert(AVLTree.java:49)
	at AVLtree.AVLTree.insert(AVLTree.java:49)
	at AVLtree.AVLTree.insert(AVLTree.java:49)
	at AVLtree.AVLTree.insert(AVLTree.java:49)
	at AVLtree.AVLTree.insert(AVLTree.java:49)
	at AVLtree.AVLTree.insert(AVLTree.java:49)
	at AVLtree.AVLTree.insert(AVLTree.java:49)
	at AVLtree.AVLTree.insert(AVLTree.java:49)
	at AVLtree.AVLTree.insert(AVLTree.java:49)
	at AVLtree.AVLTree.insert(AVLTree.java:49)
	at AVLtree.AVLTree.insert(AVLTree.java:49)
	at AVLtree.AVLTree.insert(AVLTree.java:49)
	at AVLtree.AVLTree.insert(AVLTree.java:49)
	at AVLtree.AVLTree.insert(AVLTree.java:49)
	at AVLtree.AVLTree.insert(AVLTree.java:49)
	at AVLtree.AVLTree.insert(AVLTree.java:49)
	at AVLtree.AVLTree.insert(AVLTree.java:49)
	at AVLtree.AVLTree.insert(AVLTree.java:49)
	at AVLtree.AVLTree.insert(AVLTree.java:49)
	at AVLtree.AVLTree.insert(AVLTree.java:49)
	at AVLtree.AVLTree.insert(AVLTree.java:49)
	at AVLtree.AVLTree.insert(AVLTree.java:49)
	at AVLtree.AVLTree.insert(AVLTree.java:49)
	at AVLtree.AVLTree.insert(AVLTree.java:49)
	at AVLtree.AVLTree.insert(AVLTree.java:49)
	at AVLtree.AVLTree.insert(AVLTree.java:49)
	at AVLtree.AVLTree.insert(AVLTree.java:49)
	at AVLtree.AVLTree.insert(AVLTree.java:49)
	at AVLtree.AVLTree.insert(AVLTree.java:49)
	at AVLtree.AVLTree.insert(AVLTree.java:49)
	at AVLtree.AVLTree.insert(AVLTree.java:49)
	at AVLtree.AVLTree.insert(AVLTree.java:49)
	at AVLtree.AVLTree.insert(AVLTree.java:49)
	at AVLtree.AVLTree.insert(AVLTree.java:49)
	at AVLtree.AVLTree.insert(AVLTree.java:49)
	at AVLtree.AVLTree.insert(AVLTree.java:49)
	at AVLtree.AVLTree.insert(AVLTree.java:49)
	at AVLtree.AVLTree.insert(AVLTree.java:49)
	at AVLtree.AVLTree.insert(AVLTree.java:49)
	at AVLtree.AVLTree.insert(AVLTree.java:49)
	at AVLtree.AVLTree.insert(AVLTree.java:49)
	at AVLtree.AVLTree.insert(AVLTree.java:49)
	at AVLtree.AVLTree.insert(AVLTree.java:49)
	at AVLtree.AVLTree.insert(AVLTree.java:49)
	at AVLtree.AVLTree.insert(AVLTree.java:49)
	at AVLtree.AVLTree.insert(AVLTree.java:49)
	at AVLtree.AVLTree.insert(AVLTree.java:49)
	at AVLtree.AVLTree.insert(AVLTree.java:49)
	at AVLtree.AVLTree.insert(AVLTree.java:49)
	at AVLtree.AVLTree.insert(AVLTree.java:49)
	at AVLtree.AVLTree.insert(AVLTree.java:49)
	at AVLtree.AVLTree.insert(AVLTree.java:49)
	at AVLtree.AVLTree.insert(AVLTree.java:49)
	at AVLtree.AVLTree.insert(AVLTree.java:49)
	at AVLtree.AVLTree.insert(AVLTree.java:49)
	at AVLtree.AVLTree.insert(AVLTree.java:49)
	at AVLtree.AVLTree.insert(AVLTree.java:49)
	at AVLtree.AVLTree.insert(AVLTree.java:49)
	at AVLtree.AVLTree.insert(AVLTree.java:49)
	at AVLtree.AVLTree.insert(AVLTree.java:49)
	at AVLtree.AVLTree.insert(AVLTree.java:49)
	at AVLtree.AVLTree.insert(AVLTree.java:49)
	at AVLtree.AVLTree.insert(AVLTree.java:49)
	at AVLtree.AVLTree.insert(AVLTree.java:49)
	at AVLtree.AVLTree.insert(AVLTree.java:49)
	at AVLtree.AVLTree.insert(AVLTree.java:49)
	at AVLtree.AVLTree.insert(AVLTree.java:49)
	at AVLtree.AVLTree.insert(AVLTree.java:49)
	at AVLtree.AVLTree.insert(AVLTree.java:49)
	at AVLtree.AVLTree.insert(AVLTree.java:49)
	at AVLtree.AVLTree.insert(AVLTree.java:49)
	at AVLtree.AVLTree.insert(AVLTree.java:49)
	at AVLtree.AVLTree.insert(AVLTree.java:49)
	at AVLtree.AVLTree.insert(AVLTree.java:49)
	at AVLtree.AVLTree.insert(AVLTree.java:49)
	at AVLtree.AVLTree.insert(AVLTree.java:49)
	at AVLtree.AVLTree.insert(AVLTree.java:49)
	at AVLtree.AVLTree.insert(AVLTree.java:49)
	at AVLtree.AVLTree.insert(AVLTree.java:49)
	at AVLtree.AVLTree.insert(AVLTree.java:49)
	at AVLtree.AVLTree.insert(AVLTree.java:49)
	at AVLtree.AVLTree.insert(AVLTree.java:49)
	at AVLtree.AVLTree.insert(AVLTree.java:49)
	at AVLtree.AVLTree.insert(AVLTree.java:49)
	at AVLtree.AVLTree.insert(AVLTree.java:49)
	at AVLtree.AVLTree.insert(AVLTree.java:49)
	at AVLtree.AVLTree.insert(AVLTree.java:49)
	at AVLtree.AVLTree.insert(AVLTree.java:49)
	at AVLtree.AVLTree.insert(AVLTree.java:49)
	at AVLtree.AVLTree.insert(AVLTree.java:49)
	at AVLtree.AVLTree.insert(AVLTree.java:49)
	at AVLtree.AVLTree.insert(AVLTree.java:49)
	at AVLtree.AVLTree.insert(AVLTree.java:49)
	at AVLtree.AVLTree.insert(AVLTree.java:49)
	at AVLtree.AVLTree.insert(AVLTree.java:49)
	at AVLtree.AVLTree.insert(AVLTree.java:49)
	at AVLtree.AVLTree.insert(AVLTree.java:49)
	at AVLtree.AVLTree.insert(AVLTree.java:49)
	at AVLtree.AVLTree.insert(AVLTree.java:49)
	at AVLtree.AVLTree.insert(AVLTree.java:49)
	at AVLtree.AVLTree.insert(AVLTree.java:49)
	at AVLtree.AVLTree.insert(AVLTree.java:49)
	at AVLtree.AVLTree.insert(AVLTree.java:49)
	at AVLtree.AVLTree.insert(AVLTree.java:49)
	at AVLtree.AVLTree.insert(AVLTree.java:49)
	at AVLtree.AVLTree.insert(AVLTree.java:49)
	at AVLtree.AVLTree.insert(AVLTree.java:49)
	at AVLtree.AVLTree.insert(AVLTree.java:49)
	at AVLtree.AVLTree.insert(AVLTree.java:49)
	at AVLtree.AVLTree.insert(AVLTree.java:49)
	at AVLtree.AVLTree.insert(AVLTree.java:49)
	at AVLtree.AVLTree.insert(AVLTree.java:49)
	at AVLtree.AVLTree.insert(AVLTree.java:49)
	at AVLtree.AVLTree.insert(AVLTree.java:49)
	at AVLtree.AVLTree.insert(AVLTree.java:49)
	at AVLtree.AVLTree.insert(AVLTree.java:49)
	at AVLtree.AVLTree.insert(AVLTree.java:49)
	at AVLtree.AVLTree.insert(AVLTree.java:49)
	at AVLtree.AVLTree.insert(AVLTree.java:49)
	at AVLtree.AVLTree.insert(AVLTree.java:49)
	at AVLtree.AVLTree.insert(AVLTree.java:49)
	at AVLtree.AVLTree.insert(AVLTree.java:49)
	at AVLtree.AVLTree.insert(AVLTree.java:49)
	at AVLtree.AVLTree.insert(AVLTree.java:49)
	at AVLtree.AVLTree.insert(AVLTree.java:49)
	at AVLtree.AVLTree.insert(AVLTree.java:49)
	at AVLtree.AVLTree.insert(AVLTree.java:49)
	at AVLtree.AVLTree.insert(AVLTree.java:49)
	at AVLtree.AVLTree.insert(AVLTree.java:49)
	at AVLtree.AVLTree.insert(AVLTree.java:49)
	at AVLtree.AVLTree.insert(AVLTree.java:49)
	at AVLtree.AVLTree.insert(AVLTree.java:49)
	at AVLtree.AVLTree.insert(AVLTree.java:49)
	at AVLtree.AVLTree.insert(AVLTree.java:49)
	at AVLtree.AVLTree.insert(AVLTree.java:49)
	at AVLtree.AVLTree.insert(AVLTree.java:49)
	at AVLtree.AVLTree.insert(AVLTree.java:49)
	at AVLtree.AVLTree.insert(AVLTree.java:49)
	at AVLtree.AVLTree.insert(AVLTree.java:49)
	at AVLtree.AVLTree.insert(AVLTree.java:49)
	at AVLtree.AVLTree.insert(AVLTree.java:49)
	at AVLtree.AVLTree.insert(AVLTree.java:49)
	at AVLtree.AVLTree.insert(AVLTree.java:49)
	at AVLtree.AVLTree.insert(AVLTree.java:49)
	at AVLtree.AVLTree.insert(AVLTree.java:49)
	at AVLtree.AVLTree.insert(AVLTree.java:49)
	at AVLtree.AVLTree.insert(AVLTree.java:49)
	at AVLtree.AVLTree.insert(AVLTree.java:49)
	at AVLtree.AVLTree.insert(AVLTree.java:49)
	at AVLtree.AVLTree.insert(AVLTree.java:49)
	at AVLtree.AVLTree.insert(AVLTree.java:49)
	at AVLtree.AVLTree.insert(AVLTree.java:49)
	at AVLtree.AVLTree.insert(AVLTree.java:49)
	at AVLtree.AVLTree.insert(AVLTree.java:49)
	at AVLtree.AVLTree.insert(AVLTree.java:49)
	at AVLtree.AVLTree.insert(AVLTree.java:49)
	at AVLtree.AVLTree.insert(AVLTree.java:49)
	at AVLtree.AVLTree.insert(AVLTree.java:49)
	at AVLtree.AVLTree.insert(AVLTree.java:49)
	at AVLtree.AVLTree.insert(AVLTree.java:49)
	at AVLtree.AVLTree.insert(AVLTree.java:49)
	at AVLtree.AVLTree.insert(AVLTree.java:49)
	at AVLtree.AVLTree.insert(AVLTree.java:49)
	at AVLtree.AVLTree.insert(AVLTree.java:49)
	at AVLtree.AVLTree.insert(AVLTree.java:49)
	at AVLtree.AVLTree.insert(AVLTree.java:49)
	at AVLtree.AVLTree.insert(AVLTree.java:49)
	at AVLtree.AVLTree.insert(AVLTree.java:49)
	at AVLtree.AVLTree.insert(AVLTree.java:49)
	at AVLtree.AVLTree.insert(AVLTree.java:49)
	at AVLtree.AVLTree.insert(AVLTree.java:49)
	at AVLtree.AVLTree.insert(AVLTree.java:49)
	at AVLtree.AVLTree.insert(AVLTree.java:49)
	at AVLtree.AVLTree.insert(AVLTree.java:49)
	at AVLtree.AVLTree.insert(AVLTree.java:49)
	at AVLtree.AVLTree.insert(AVLTree.java:49)
	at AVLtree.AVLTree.insert(AVLTree.java:49)
	at AVLtree.AVLTree.insert(AVLTree.java:49)
	at AVLtree.AVLTree.insert(AVLTree.java:49)
	at AVLtree.AVLTree.insert(AVLTree.java:49)
	at AVLtree.AVLTree.insert(AVLTree.java:49)
	at AVLtree.AVLTree.insert(AVLTree.java:49)
	at AVLtree.AVLTree.insert(AVLTree.java:49)
	at AVLtree.AVLTree.insert(AVLTree.java:49)
	at AVLtree.AVLTree.insert(AVLTree.java:49)
	at AVLtree.AVLTree.insert(AVLTree.java:49)
	at AVLtree.AVLTree.insert(AVLTree.java:49)
	at AVLtree.AVLTree.insert(AVLTree.java:49)
	at AVLtree.AVLTree.insert(AVLTree.java:49)
	at AVLtree.AVLTree.insert(AVLTree.java:49)
	at AVLtree.AVLTree.insert(AVLTree.java:49)
	at AVLtree.AVLTree.insert(AVLTree.java:49)
	at AVLtree.AVLTree.insert(AVLTree.java:49)
	at AVLtree.AVLTree.insert(AVLTree.java:49)
	at AVLtree.AVLTree.insert(AVLTree.java:49)
	at AVLtree.AVLTree.insert(AVLTree.java:49)
	at AVLtree.AVLTree.insert(AVLTree.java:49)
	at AVLtree.AVLTree.insert(AVLTree.java:49)
	at AVLtree.AVLTree.insert(AVLTree.java:49)
	at AVLtree.AVLTree.insert(AVLTree.java:49)
	at AVLtree.AVLTree.insert(AVLTree.java:49)
	at AVLtree.AVLTree.insert(AVLTree.java:49)
	at AVLtree.AVLTree.insert(AVLTree.java:49)
	at AVLtree.AVLTree.insert(AVLTree.java:49)
	at AVLtree.AVLTree.insert(AVLTree.java:49)
	at AVLtree.AVLTree.insert(AVLTree.java:49)
	at AVLtree.AVLTree.insert(AVLTree.java:49)
	at AVLtree.AVLTree.insert(AVLTree.java:49)
	at AVLtree.AVLTree.insert(AVLTree.java:49)
	at AVLtree.AVLTree.insert(AVLTree.java:49)
	at AVLtree.AVLTree.insert(AVLTree.java:49)
	at AVLtree.AVLTree.insert(AVLTree.java:49)
	at AVLtree.AVLTree.insert(AVLTree.java:49)
	at AVLtree.AVLTree.insert(AVLTree.java:49)
	at AVLtree.AVLTree.insert(AVLTree.java:49)
	at AVLtree.AVLTree.insert(AVLTree.java:49)
	at AVLtree.AVLTree.insert(AVLTree.java:49)
	at AVLtree.AVLTree.insert(AVLTree.java:49)
	at AVLtree.AVLTree.insert(AVLTree.java:49)
	at AVLtree.AVLTree.insert(AVLTree.java:49)
	at AVLtree.AVLTree.insert(AVLTree.java:49)
	at AVLtree.AVLTree.insert(AVLTree.java:49)
	at AVLtree.AVLTree.insert(AVLTree.java:49)
	at AVLtree.AVLTree.insert(AVLTree.java:49)
	at AVLtree.AVLTree.insert(AVLTree.java:49)
	at AVLtree.AVLTree.insert(AVLTree.java:49)
	at AVLtree.AVLTree.insert(AVLTree.java:49)
	at AVLtree.AVLTree.insert(AVLTree.java:49)
	at AVLtree.AVLTree.insert(AVLTree.java:49)
	at AVLtree.AVLTree.insert(AVLTree.java:49)
	at AVLtree.AVLTree.insert(AVLTree.java:49)
	at AVLtree.AVLTree.insert(AVLTree.java:49)
	at AVLtree.AVLTree.insert(AVLTree.java:49)
	at AVLtree.AVLTree.insert(AVLTree.java:49)
	at AVLtree.AVLTree.insert(AVLTree.java:49)
	at AVLtree.AVLTree.insert(AVLTree.java:49)
	at AVLtree.AVLTree.insert(AVLTree.java:49)
	at AVLtree.AVLTree.insert(AVLTree.java:49)
	at AVLtree.AVLTree.insert(AVLTree.java:49)
	at AVLtree.AVLTree.insert(AVLTree.java:49)
	at AVLtree.AVLTree.insert(AVLTree.java:49)
	at AVLtree.AVLTree.insert(AVLTree.java:49)
	at AVLtree.AVLTree.insert(AVLTree.java:49)
	at AVLtree.AVLTree.insert(AVLTree.java:49)
	at AVLtree.AVLTree.insert(AVLTree.java:49)
	at AVLtree.AVLTree.insert(AVLTree.java:49)
	at AVLtree.AVLTree.insert(AVLTree.java:49)
	at AVLtree.AVLTree.insert(AVLTree.java:49)
	at AVLtree.AVLTree.insert(AVLTree.java:49)
	at AVLtree.AVLTree.insert(AVLTree.java:49)
	at AVLtree.AVLTree.insert(AVLTree.java:49)
	at AVLtree.AVLTree.insert(AVLTree.java:49)
	at AVLtree.AVLTree.insert(AVLTree.java:49)
	at AVLtree.AVLTree.insert(AVLTree.java:49)
	at AVLtree.AVLTree.insert(AVLTree.java:49)
	at AVLtree.AVLTree.insert(AVLTree.java:49)
	at AVLtree.AVLTree.insert(AVLTree.java:49)
	at AVLtree.AVLTree.insert(AVLTree.java:49)
	at AVLtree.AVLTree.insert(AVLTree.java:49)
	at AVLtree.AVLTree.insert(AVLTree.java:49)
	at AVLtree.AVLTree.insert(AVLTree.java:49)
	at AVLtree.AVLTree.insert(AVLTree.java:49)
	at AVLtree.AVLTree.insert(AVLTree.java:49)
	at AVLtree.AVLTree.insert(AVLTree.java:49)
	at AVLtree.AVLTree.insert(AVLTree.java:49)
	at AVLtree.AVLTree.insert(AVLTree.java:49)
	at AVLtree.AVLTree.insert(AVLTree.java:49)
	at AVLtree.AVLTree.insert(AVLTree.java:49)
	at AVLtree.AVLTree.insert(AVLTree.java:49)
	at AVLtree.AVLTree.insert(AVLTree.java:49)
	at AVLtree.AVLTree.insert(AVLTree.java:49)
	at AVLtree.AVLTree.insert(AVLTree.java:49)
	at AVLtree.AVLTree.insert(AVLTree.java:49)
	at AVLtree.AVLTree.insert(AVLTree.java:49)
	at AVLtree.AVLTree.insert(AVLTree.java:49)
	at AVLtree.AVLTree.insert(AVLTree.java:49)
	at AVLtree.AVLTree.insert(AVLTree.java:49)
	at AVLtree.AVLTree.insert(AVLTree.java:49)
	at AVLtree.AVLTree.insert(AVLTree.java:49)
	at AVLtree.AVLTree.insert(AVLTree.java:49)
	at AVLtree.AVLTree.insert(AVLTree.java:49)
	at AVLtree.AVLTree.insert(AVLTree.java:49)
	at AVLtree.AVLTree.insert(AVLTree.java:49)
	at AVLtree.AVLTree.insert(AVLTree.java:49)
	at AVLtree.AVLTree.insert(AVLTree.java:49)
	at AVLtree.AVLTree.insert(AVLTree.java:49)
	at AVLtree.AVLTree.insert(AVLTree.java:49)
	at AVLtree.AVLTree.insert(AVLTree.java:49)
	at AVLtree.AVLTree.insert(AVLTree.java:49)
	at AVLtree.AVLTree.insert(AVLTree.java:49)
	at AVLtree.AVLTree.insert(AVLTree.java:49)
	at AVLtree.AVLTree.insert(AVLTree.java:49)
	at AVLtree.AVLTree.insert(AVLTree.java:49)
	at AVLtree.AVLTree.insert(AVLTree.java:49)
	at AVLtree.AVLTree.insert(AVLTree.java:49)
	at AVLtree.AVLTree.insert(AVLTree.java:49)
	at AVLtree.AVLTree.insert(AVLTree.java:49)
	at AVLtree.AVLTree.insert(AVLTree.java:49)
	at AVLtree.AVLTree.insert(AVLTree.java:49)
	at AVLtree.AVLTree.insert(AVLTree.java:49)
	at AVLtree.AVLTree.insert(AVLTree.java:49)
	at AVLtree.AVLTree.insert(AVLTree.java:49)
	at AVLtree.AVLTree.insert(AVLTree.java:49)
	at AVLtree.AVLTree.insert(AVLTree.java:49)
	at AVLtree.AVLTree.insert(AVLTree.java:49)
	at AVLtree.AVLTree.insert(AVLTree.java:49)
	at AVLtree.AVLTree.insert(AVLTree.java:49)
	at AVLtree.AVLTree.insert(AVLTree.java:49)
	at AVLtree.AVLTree.insert(AVLTree.java:49)
	at AVLtree.AVLTree.insert(AVLTree.java:49)
	at AVLtree.AVLTree.insert(AVLTree.java:49)
	at AVLtree.AVLTree.insert(AVLTree.java:49)
	at AVLtree.AVLTree.insert(AVLTree.java:49)
	at AVLtree.AVLTree.insert(AVLTree.java:49)
	at AVLtree.AVLTree.insert(AVLTree.java:49)
	at AVLtree.AVLTree.insert(AVLTree.java:49)
	at AVLtree.AVLTree.insert(AVLTree.java:49)
	at AVLtree.AVLTree.insert(AVLTree.java:49)
	at AVLtree.AVLTree.insert(AVLTree.java:49)
	at AVLtree.AVLTree.insert(AVLTree.java:49)
	at AVLtree.AVLTree.insert(AVLTree.java:49)
	at AVLtree.AVLTree.insert(AVLTree.java:49)
	at AVLtree.AVLTree.insert(AVLTree.java:49)
	at AVLtree.AVLTree.insert(AVLTree.java:49)
	at AVLtree.AVLTree.insert(AVLTree.java:49)
	at AVLtree.AVLTree.insert(AVLTree.java:49)
	at AVLtree.AVLTree.insert(AVLTree.java:49)
	at AVLtree.AVLTree.insert(AVLTree.java:49)
	at AVLtree.AVLTree.insert(AVLTree.java:49)
	at AVLtree.AVLTree.insert(AVLTree.java:49)
	at AVLtree.AVLTree.insert(AVLTree.java:49)
	at AVLtree.AVLTree.insert(AVLTree.java:49)
	at AVLtree.AVLTree.insert(AVLTree.java:49)
	at AVLtree.AVLTree.insert(AVLTree.java:49)
	at AVLtree.AVLTree.insert(AVLTree.java:49)
	at AVLtree.AVLTree.insert(AVLTree.java:49)
	at AVLtree.AVLTree.insert(AVLTree.java:49)
	at AVLtree.AVLTree.insert(AVLTree.java:49)
	at AVLtree.AVLTree.insert(AVLTree.java:49)
	at AVLtree.AVLTree.insert(AVLTree.java:49)
	at AVLtree.AVLTree.insert(AVLTree.java:49)
	at AVLtree.AVLTree.insert(AVLTree.java:49)
	at AVLtree.AVLTree.insert(AVLTree.java:49)
	at AVLtree.AVLTree.insert(AVLTree.java:49)
	at AVLtree.AVLTree.insert(AVLTree.java:49)
	at AVLtree.AVLTree.insert(AVLTree.java:49)
	at AVLtree.AVLTree.insert(AVLTree.java:49)
	at AVLtree.AVLTree.insert(AVLTree.java:49)
	at AVLtree.AVLTree.insert(AVLTree.java:49)
	at AVLtree.AVLTree.insert(AVLTree.java:49)
	at AVLtree.AVLTree.insert(AVLTree.java:49)
	at AVLtree.AVLTree.insert(AVLTree.java:49)
	at AVLtree.AVLTree.insert(AVLTree.java:49)
	at AVLtree.AVLTree.insert(AVLTree.java:49)
	at AVLtree.AVLTree.insert(AVLTree.java:49)
	at AVLtree.AVLTree.insert(AVLTree.java:49)
	at AVLtree.AVLTree.insert(AVLTree.java:49)
	at AVLtree.AVLTree.insert(AVLTree.java:49)
	at AVLtree.AVLTree.insert(AVLTree.java:49)
	at AVLtree.AVLTree.insert(AVLTree.java:49)
	at AVLtree.AVLTree.insert(AVLTree.java:49)
	at AVLtree.AVLTree.insert(AVLTree.java:49)
	at AVLtree.AVLTree.insert(AVLTree.java:49)
	at AVLtree.AVLTree.insert(AVLTree.java:49)
	at AVLtree.AVLTree.insert(AVLTree.java:49)
	at AVLtree.AVLTree.insert(AVLTree.java:49)
	at AVLtree.AVLTree.insert(AVLTree.java:49)
	at AVLtree.AVLTree.insert(AVLTree.java:49)
	at AVLtree.AVLTree.insert(AVLTree.java:49)
	at AVLtree.AVLTree.insert(AVLTree.java:49)
	at AVLtree.AVLTree.insert(AVLTree.java:49)
	at AVLtree.AVLTree.insert(AVLTree.java:49)
	at AVLtree.AVLTree.insert(AVLTree.java:49)
	at AVLtree.AVLTree.insert(AVLTree.java:49)
	at AVLtree.AVLTree.insert(AVLTree.java:49)
	at AVLtree.AVLTree.insert(AVLTree.java:49)
	at AVLtree.AVLTree.insert(AVLTree.java:49)
	at AVLtree.AVLTree.insert(AVLTree.java:49)
	at AVLtree.AVLTree.insert(AVLTree.java:49)
	at AVLtree.AVLTree.insert(AVLTree.java:49)
	at AVLtree.AVLTree.insert(AVLTree.java:49)
	at AVLtree.AVLTree.insert(AVLTree.java:49)
	at AVLtree.AVLTree.insert(AVLTree.java:49)
	at AVLtree.AVLTree.insert(AVLTree.java:49)
	at AVLtree.AVLTree.insert(AVLTree.java:49)
	at AVLtree.AVLTree.insert(AVLTree.java:49)
	at AVLtree.AVLTree.insert(AVLTree.java:49)
	at AVLtree.AVLTree.insert(AVLTree.java:49)
	at AVLtree.AVLTree.insert(AVLTree.java:49)
	at AVLtree.AVLTree.insert(AVLTree.java:49)
	at AVLtree.AVLTree.insert(AVLTree.java:49)
	at AVLtree.AVLTree.insert(AVLTree.java:49)
	at AVLtree.AVLTree.insert(AVLTree.java:49)
	at AVLtree.AVLTree.insert(AVLTree.java:49)
	at AVLtree.AVLTree.insert(AVLTree.java:49)
	at AVLtree.AVLTree.insert(AVLTree.java:49)
	at AVLtree.AVLTree.insert(AVLTree.java:49)
	at AVLtree.AVLTree.insert(AVLTree.java:49)
	at AVLtree.AVLTree.insert(AVLTree.java:49)
	at AVLtree.AVLTree.insert(AVLTree.java:49)
	at AVLtree.AVLTree.insert(AVLTree.java:49)
	at AVLtree.AVLTree.insert(AVLTree.java:49)
	at AVLtree.AVLTree.insert(AVLTree.java:49)
	at AVLtree.AVLTree.insert(AVLTree.java:49)
	at AVLtree.AVLTree.insert(AVLTree.java:49)
	at AVLtree.AVLTree.insert(AVLTree.java:49)
	at AVLtree.AVLTree.insert(AVLTree.java:49)
	at AVLtree.AVLTree.insert(AVLTree.java:49)
	at AVLtree.AVLTree.insert(AVLTree.java:49)
	at AVLtree.AVLTree.insert(AVLTree.java:49)
	at AVLtree.AVLTree.insert(AVLTree.java:49)
	at AVLtree.AVLTree.insert(AVLTree.java:49)
	at AVLtree.AVLTree.insert(AVLTree.java:49)
	at AVLtree.AVLTree.insert(AVLTree.java:49)
	at AVLtree.AVLTree.insert(AVLTree.java:49)
	at AVLtree.AVLTree.insert(AVLTree.java:49)
	at AVLtree.AVLTree.insert(AVLTree.java:49)
	at AVLtree.AVLTree.insert(AVLTree.java:49)
	at AVLtree.AVLTree.insert(AVLTree.java:49)
	at AVLtree.AVLTree.insert(AVLTree.java:49)
	at AVLtree.AVLTree.insert(AVLTree.java:49)
	at AVLtree.AVLTree.insert(AVLTree.java:49)
	at AVLtree.AVLTree.insert(AVLTree.java:49)
	at AVLtree.AVLTree.insert(AVLTree.java:49)
	at AVLtree.AVLTree.insert(AVLTree.java:49)
	at AVLtree.AVLTree.insert(AVLTree.java:49)
	at AVLtree.AVLTree.insert(AVLTree.java:49)
	at AVLtree.AVLTree.insert(AVLTree.java:49)
	at AVLtree.AVLTree.insert(AVLTree.java:49)
	at AVLtree.AVLTree.insert(AVLTree.java:49)
	at AVLtree.AVLTree.insert(AVLTree.java:49)
	at AVLtree.AVLTree.insert(AVLTree.java:49)
	at AVLtree.AVLTree.insert(AVLTree.java:49)
	at AVLtree.AVLTree.insert(AVLTree.java:49)
	at AVLtree.AVLTree.insert(AVLTree.java:49)
	at AVLtree.AVLTree.insert(AVLTree.java:49)
	at AVLtree.AVLTree.insert(AVLTree.java:49)
	at AVLtree.AVLTree.insert(AVLTree.java:49)
	at AVLtree.AVLTree.insert(AVLTree.java:49)
	at AVLtree.AVLTree.insert(AVLTree.java:49)
	at AVLtree.AVLTree.insert(AVLTree.java:49)
	at AVLtree.AVLTree.insert(AVLTree.java:49)
	at AVLtree.AVLTree.insert(AVLTree.java:49)
	at AVLtree.AVLTree.insert(AVLTree.java:49)
	at AVLtree.AVLTree.insert(AVLTree.java:49)
	at AVLtree.AVLTree.insert(AVLTree.java:49)
	at AVLtree.AVLTree.insert(AVLTree.java:49)
	at AVLtree.AVLTree.insert(AVLTree.java:49)
	at AVLtree.AVLTree.insert(AVLTree.java:49)
	at AVLtree.AVLTree.insert(AVLTree.java:49)
	at AVLtree.AVLTree.insert(AVLTree.java:49)
	at AVLtree.AVLTree.insert(AVLTree.java:49)
	at AVLtree.AVLTree.insert(AVLTree.java:49)
	at AVLtree.AVLTree.insert(AVLTree.java:49)
	at AVLtree.AVLTree.insert(AVLTree.java:49)
	at AVLtree.AVLTree.insert(AVLTree.java:49)
	at AVLtree.AVLTree.insert(AVLTree.java:49)
	at AVLtree.AVLTree.insert(AVLTree.java:49)
	at AVLtree.AVLTree.insert(AVLTree.java:49)
	at AVLtree.AVLTree.insert(AVLTree.java:49)
	at AVLtree.AVLTree.insert(AVLTree.java:49)
	at AVLtree.AVLTree.insert(AVLTree.java:49)
	at AVLtree.AVLTree.insert(AVLTree.java:49)
	at AVLtree.AVLTree.insert(AVLTree.java:49)
	at AVLtree.AVLTree.insert(AVLTree.java:49)
	at AVLtree.AVLTree.insert(AVLTree.java:49)
	at AVLtree.AVLTree.insert(AVLTree.java:49)
	at AVLtree.AVLTree.insert(AVLTree.java:49)
	at AVLtree.AVLTree.insert(AVLTree.java:49)
	at AVLtree.AVLTree.insert(AVLTree.java:49)
	at AVLtree.AVLTree.insert(AVLTree.java:49)
	at AVLtree.AVLTree.insert(AVLTree.java:49)
	at AVLtree.AVLTree.insert(AVLTree.java:49)
	at AVLtree.AVLTree.insert(AVLTree.java:49)
	at AVLtree.AVLTree.insert(AVLTree.java:49)
	at AVLtree.AVLTree.insert(AVLTree.java:49)
	at AVLtree.AVLTree.insert(AVLTree.java:49)
	at AVLtree.AVLTree.insert(AVLTree.java:49)
	at AVLtree.AVLTree.insert(AVLTree.java:49)
	at AVLtree.AVLTree.insert(AVLTree.java:49)
	at AVLtree.AVLTree.insert(AVLTree.java:49)
	at AVLtree.AVLTree.insert(AVLTree.java:49)
	at AVLtree.AVLTree.insert(AVLTree.java:49)
	at AVLtree.AVLTree.insert(AVLTree.java:49)
	at AVLtree.AVLTree.insert(AVLTree.java:49)
	at AVLtree.AVLTree.insert(AVLTree.java:49)
	at AVLtree.AVLTree.insert(AVLTree.java:49)
	at AVLtree.AVLTree.insert(AVLTree.java:49)
	at AVLtree.AVLTree.insert(AVLTree.java:49)
	at AVLtree.AVLTree.insert(AVLTree.java:49)
	at AVLtree.AVLTree.insert(AVLTree.java:49)
	at AVLtree.AVLTree.insert(AVLTree.java:49)
	at AVLtree.AVLTree.insert(AVLTree.java:49)
	at AVLtree.AVLTree.insert(AVLTree.java:49)
	at AVLtree.AVLTree.insert(AVLTree.java:49)
	at AVLtree.AVLTree.insert(AVLTree.java:49)
	at AVLtree.AVLTree.insert(AVLTree.java:49)
	at AVLtree.AVLTree.insert(AVLTree.java:49)
	at AVLtree.AVLTree.insert(AVLTree.java:49)
	at AVLtree.AVLTree.insert(AVLTree.java:49)
	at AVLtree.AVLTree.insert(AVLTree.java:49)
	at AVLtree.AVLTree.insert(AVLTree.java:49)
	at AVLtree.AVLTree.insert(AVLTree.java:49)
	at AVLtree.AVLTree.insert(AVLTree.java:49)
	at AVLtree.AVLTree.insert(AVLTree.java:49)
	at AVLtree.AVLTree.insert(AVLTree.java:49)
	at AVLtree.AVLTree.insert(AVLTree.java:49)
	at AVLtree.AVLTree.insert(AVLTree.java:49)
	at AVLtree.AVLTree.insert(AVLTree.java:49)
	at AVLtree.AVLTree.insert(AVLTree.java:49)
	at AVLtree.AVLTree.insert(AVLTree.java:49)
	at AVLtree.AVLTree.insert(AVLTree.java:49)
	at AVLtree.AVLTree.insert(AVLTree.java:49)
	at AVLtree.AVLTree.insert(AVLTree.java:49)
	at AVLtree.AVLTree.insert(AVLTree.java:49)
	at AVLtree.AVLTree.insert(AVLTree.java:49)
	at AVLtree.AVLTree.insert(AVLTree.java:49)
	at AVLtree.AVLTree.insert(AVLTree.java:49)
	at AVLtree.AVLTree.insert(AVLTree.java:49)
	at AVLtree.AVLTree.insert(AVLTree.java:49)
	at AVLtree.AVLTree.insert(AVLTree.java:49)
	at AVLtree.AVLTree.insert(AVLTree.java:49)
	at AVLtree.AVLTree.insert(AVLTree.java:49)
	at AVLtree.AVLTree.insert(AVLTree.java:49)
	at AVLtree.AVLTree.insert(AVLTree.java:49)
	at AVLtree.AVLTree.insert(AVLTree.java:49)
	at AVLtree.AVLTree.insert(AVLTree.java:49)
	at AVLtree.AVLTree.insert(AVLTree.java:49)
	at AVLtree.AVLTree.insert(AVLTree.java:49)
	at AVLtree.AVLTree.insert(AVLTree.java:49)
	at AVLtree.AVLTree.insert(AVLTree.java:49)
	at AVLtree.AVLTree.insert(AVLTree.java:49)
	at AVLtree.AVLTree.insert(AVLTree.java:49)
	at AVLtree.AVLTree.insert(AVLTree.java:49)
	at AVLtree.AVLTree.insert(AVLTree.java:49)
	at AVLtree.AVLTree.insert(AVLTree.java:49)
	at AVLtree.AVLTree.insert(AVLTree.java:49)
	at AVLtree.AVLTree.insert(AVLTree.java:49)
	at AVLtree.AVLTree.insert(AVLTree.java:49)
	at AVLtree.AVLTree.insert(AVLTree.java:49)
	at AVLtree.AVLTree.insert(AVLTree.java:49)
	at AVLtree.AVLTree.insert(AVLTree.java:49)
	at AVLtree.AVLTree.insert(AVLTree.java:49)
	at AVLtree.AVLTree.insert(AVLTree.java:49)
	at AVLtree.AVLTree.insert(AVLTree.java:49)
	at AVLtree.AVLTree.insert(AVLTree.java:49)
	at AVLtree.AVLTree.insert(AVLTree.java:49)
	at AVLtree.AVLTree.insert(AVLTree.java:49)
	at AVLtree.AVLTree.insert(AVLTree.java:49)
	at AVLtree.AVLTree.insert(AVLTree.java:49)
	at AVLtree.AVLTree.insert(AVLTree.java:49)
	at AVLtree.AVLTree.insert(AVLTree.java:49)
	at AVLtree.AVLTree.insert(AVLTree.java:49)
	at AVLtree.AVLTree.insert(AVLTree.java:49)
	at AVLtree.AVLTree.insert(AVLTree.java:49)
	at AVLtree.AVLTree.insert(AVLTree.java:49)
	at AVLtree.AVLTree.insert(AVLTree.java:49)
	at AVLtree.AVLTree.insert(AVLTree.java:49)
	at AVLtree.AVLTree.insert(AVLTree.java:49)
	at AVLtree.AVLTree.insert(AVLTree.java:49)
	at AVLtree.AVLTree.insert(AVLTree.java:49)
	at AVLtree.AVLTree.insert(AVLTree.java:49)
	at AVLtree.AVLTree.insert(AVLTree.java:49)
	at AVLtree.AVLTree.insert(AVLTree.java:49)
	at AVLtree.AVLTree.insert(AVLTree.java:49)
	at AVLtree.AVLTree.insert(AVLTree.java:49)
	at AVLtree.AVLTree.insert(AVLTree.java:49)
	at AVLtree.AVLTree.insert(AVLTree.java:49)
	at AVLtree.AVLTree.insert(AVLTree.java:49)
	at AVLtree.AVLTree.insert(AVLTree.java:49)
	at AVLtree.AVLTree.insert(AVLTree.java:49)
	at AVLtree.AVLTree.insert(AVLTree.java:49)
	at AVLtree.AVLTree.insert(AVLTree.java:49)
	at AVLtree.AVLTree.insert(AVLTree.java:49)
	at AVLtree.AVLTree.insert(AVLTree.java:49)
	at AVLtree.AVLTree.insert(AVLTree.java:49)
	at AVLtree.AVLTree.insert(AVLTree.java:49)
	at AVLtree.AVLTree.insert(AVLTree.java:49)
	at AVLtree.AVLTree.insert(AVLTree.java:49)
	at AVLtree.AVLTree.insert(AVLTree.java:49)
	at AVLtree.AVLTree.insert(AVLTree.java:49)
	at AVLtree.AVLTree.insert(AVLTree.java:49)
	at AVLtree.AVLTree.insert(AVLTree.java:49)
	at AVLtree.AVLTree.insert(AVLTree.java:49)
	at AVLtree.AVLTree.insert(AVLTree.java:49)
	at AVLtree.AVLTree.insert(AVLTree.java:49)
	at AVLtree.AVLTree.insert(AVLTree.java:49)
	at AVLtree.AVLTree.insert(AVLTree.java:49)
	at AVLtree.AVLTree.insert(AVLTree.java:49)
	at AVLtree.AVLTree.insert(AVLTree.java:49)
	at AVLtree.AVLTree.insert(AVLTree.java:49)
	at AVLtree.AVLTree.insert(AVLTree.java:49)
	at AVLtree.AVLTree.insert(AVLTree.java:49)
	at AVLtree.AVLTree.insert(AVLTree.java:49)
	at AVLtree.AVLTree.insert(AVLTree.java:49)
	at AVLtree.AVLTree.insert(AVLTree.java:49)
	at AVLtree.AVLTree.insert(AVLTree.java:49)
	at AVLtree.AVLTree.insert(AVLTree.java:49)
	at AVLtree.AVLTree.insert(AVLTree.java:49)
	at AVLtree.AVLTree.insert(AVLTree.java:49)
	at AVLtree.AVLTree.insert(AVLTree.java:49)
	at AVLtree.AVLTree.insert(AVLTree.java:49)
	at AVLtree.AVLTree.insert(AVLTree.java:49)
	at AVLtree.AVLTree.insert(AVLTree.java:49)
	at AVLtree.AVLTree.insert(AVLTree.java:49)
	at AVLtree.AVLTree.insert(AVLTree.java:49)
	at AVLtree.AVLTree.insert(AVLTree.java:49)
	at AVLtree.AVLTree.insert(AVLTree.java:49)
	at AVLtree.AVLTree.insert(AVLTree.java:49)
	at AVLtree.AVLTree.insert(AVLTree.java:49)
	at AVLtree.AVLTree.insert(AVLTree.java:49)
	at AVLtree.AVLTree.insert(AVLTree.java:49)
	at AVLtree.AVLTree.insert(AVLTree.java:49)
	at AVLtree.AVLTree.insert(AVLTree.java:49)
	at AVLtree.AVLTree.insert(AVLTree.java:49)
	at AVLtree.AVLTree.insert(AVLTree.java:49)
	at AVLtree.AVLTree.insert(AVLTree.java:49)
	at AVLtree.AVLTree.insert(AVLTree.java:49)
	at AVLtree.AVLTree.insert(AVLTree.java:49)
	at AVLtree.AVLTree.insert(AVLTree.java:49)
	at AVLtree.AVLTree.insert(AVLTree.java:49)
	at AVLtree.AVLTree.insert(AVLTree.java:49)
	at AVLtree.AVLTree.insert(AVLTree.java:49)
	at AVLtree.AVLTree.insert(AVLTree.java:49)
	at AVLtree.AVLTree.insert(AVLTree.java:49)
	at AVLtree.AVLTree.insert(AVLTree.java:49)
	at AVLtree.AVLTree.insert(AVLTree.java:49)
	at AVLtree.AVLTree.insert(AVLTree.java:49)
	at AVLtree.AVLTree.insert(AVLTree.java:49)
	at AVLtree.AVLTree.insert(AVLTree.java:49)
	at AVLtree.AVLTree.insert(AVLTree.java:49)
	at AVLtree.AVLTree.insert(AVLTree.java:49)
	at AVLtree.AVLTree.insert(AVLTree.java:49)
	at AVLtree.AVLTree.insert(AVLTree.java:49)
	at AVLtree.AVLTree.insert(AVLTree.java:49)
	at AVLtree.AVLTree.insert(AVLTree.java:49)
	at AVLtree.AVLTree.insert(AVLTree.java:49)
	at AVLtree.AVLTree.insert(AVLTree.java:49)
	at AVLtree.AVLTree.insert(AVLTree.java:49)
	at AVLtree.AVLTree.insert(AVLTree.java:49)
	at AVLtree.AVLTree.insert(AVLTree.java:49)
	at AVLtree.AVLTree.insert(AVLTree.java:49)
	at AVLtree.AVLTree.insert(AVLTree.java:49)
	at AVLtree.AVLTree.insert(AVLTree.java:49)
	at AVLtree.AVLTree.insert(AVLTree.java:49)
	at AVLtree.AVLTree.insert(AVLTree.java:49)
	at AVLtree.AVLTree.insert(AVLTree.java:49)
	at AVLtree.AVLTree.insert(AVLTree.java:49)
	at AVLtree.AVLTree.insert(AVLTree.java:49)
	at AVLtree.AVLTree.insert(AVLTree.java:49)
	at AVLtree.AVLTree.insert(AVLTree.java:49)
	at AVLtree.AVLTree.insert(AVLTree.java:49)
	at AVLtree.AVLTree.insert(AVLTree.java:49)
	at AVLtree.AVLTree.insert(AVLTree.java:49)
	at AVLtree.AVLTree.insert(AVLTree.java:49)
	at AVLtree.AVLTree.insert(AVLTree.java:49)
	at AVLtree.AVLTree.insert(AVLTree.java:49)
	at AVLtree.AVLTree.insert(AVLTree.java:49)
	at AVLtree.AVLTree.insert(AVLTree.java:49)
	at AVLtree.AVLTree.insert(AVLTree.java:49)
	at AVLtree.AVLTree.insert(AVLTree.java:49)
	at AVLtree.AVLTree.insert(AVLTree.java:49)
	at AVLtree.AVLTree.insert(AVLTree.java:49)
	at AVLtree.AVLTree.insert(AVLTree.java:49)
	at AVLtree.AVLTree.insert(AVLTree.java:49)
	at AVLtree.AVLTree.insert(AVLTree.java:49)
	at AVLtree.AVLTree.insert(AVLTree.java:49)
	at AVLtree.AVLTree.insert(AVLTree.java:49)
	at AVLtree.AVLTree.insert(AVLTree.java:49)
	at AVLtree.AVLTree.insert(AVLTree.java:49)
	at AVLtree.AVLTree.insert(AVLTree.java:49)
	at AVLtree.AVLTree.insert(AVLTree.java:49)
	at AVLtree.AVLTree.insert(AVLTree.java:49)
	at AVLtree.AVLTree.insert(AVLTree.java:49)
	at AVLtree.AVLTree.insert(AVLTree.java:49)
	at AVLtree.AVLTree.insert(AVLTree.java:49)
	at AVLtree.AVLTree.insert(AVLTree.java:49)
	at AVLtree.AVLTree.insert(AVLTree.java:49)
	at AVLtree.AVLTree.insert(AVLTree.java:49)
	at AVLtree.AVLTree.insert(AVLTree.java:49)
	at AVLtree.AVLTree.insert(AVLTree.java:49)
	at AVLtree.AVLTree.insert(AVLTree.java:49)
	at AVLtree.AVLTree.insert(AVLTree.java:49)
	at AVLtree.AVLTree.insert(AVLTree.java:49)
	at AVLtree.AVLTree.insert(AVLTree.java:49)
	at AVLtree.AVLTree.insert(AVLTree.java:49)
	at AVLtree.AVLTree.insert(AVLTree.java:49)
	at AVLtree.AVLTree.insert(AVLTree.java:49)
	at AVLtree.AVLTree.insert(AVLTree.java:49)
	at AVLtree.AVLTree.insert(AVLTree.java:49)
	at AVLtree.AVLTree.insert(AVLTree.java:49)
	at AVLtree.AVLTree.insert(AVLTree.java:49)
	at AVLtree.AVLTree.insert(AVLTree.java:49)
	at AVLtree.AVLTree.insert(AVLTree.java:49)
	at AVLtree.AVLTree.insert(AVLTree.java:49)
	at AVLtree.AVLTree.insert(AVLTree.java:49)
	at AVLtree.AVLTree.insert(AVLTree.java:49)
	at AVLtree.AVLTree.insert(AVLTree.java:49)
	at AVLtree.AVLTree.insert(AVLTree.java:49)
	at AVLtree.AVLTree.insert(AVLTree.java:49)
	at AVLtree.AVLTree.insert(AVLTree.java:49)
	at AVLtree.AVLTree.insert(AVLTree.java:49)
	at AVLtree.AVLTree.insert(AVLTree.java:49)
	at AVLtree.AVLTree.insert(AVLTree.java:49)
	at AVLtree.AVLTree.insert(AVLTree.java:49)
	at AVLtree.AVLTree.insert(AVLTree.java:49)
	at AVLtree.AVLTree.insert(AVLTree.java:49)
	at AVLtree.AVLTree.insert(AVLTree.java:49)
	at AVLtree.AVLTree.insert(AVLTree.java:49)
	at AVLtree.AVLTree.insert(AVLTree.java:49)
	at AVLtree.AVLTree.insert(AVLTree.java:49)
	at AVLtree.AVLTree.insert(AVLTree.java:49)
	at AVLtree.AVLTree.insert(AVLTree.java:49)
	at AVLtree.AVLTree.insert(AVLTree.java:49)
	at AVLtree.AVLTree.insert(AVLTree.java:49)
	at AVLtree.AVLTree.insert(AVLTree.java:49)
	at AVLtree.AVLTree.insert(AVLTree.java:49)
	at AVLtree.AVLTree.insert(AVLTree.java:49)
	at AVLtree.AVLTree.insert(AVLTree.java:49)
	at AVLtree.AVLTree.insert(AVLTree.java:49)
	at AVLtree.AVLTree.insert(AVLTree.java:49)
	at AVLtree.AVLTree.insert(AVLTree.java:49)
	at AVLtree.AVLTree.insert(AVLTree.java:49)
	at AVLtree.AVLTree.insert(AVLTree.java:49)
	at AVLtree.AVLTree.insert(AVLTree.java:49)
	at AVLtree.AVLTree.insert(AVLTree.java:49)
	at AVLtree.AVLTree.insert(AVLTree.java:49)
	at AVLtree.AVLTree.insert(AVLTree.java:49)
	at AVLtree.AVLTree.insert(AVLTree.java:49)
	at AVLtree.AVLTree.insert(AVLTree.java:49)
	at AVLtree.AVLTree.insert(AVLTree.java:49)
	at AVLtree.AVLTree.insert(AVLTree.java:49)
	at AVLtree.AVLTree.insert(AVLTree.java:49)
	at AVLtree.AVLTree.insert(AVLTree.java:49)
	at AVLtree.AVLTree.insert(AVLTree.java:49)
	at AVLtree.AVLTree.insert(AVLTree.java:49)
	at AVLtree.AVLTree.insert(AVLTree.java:49)
	at AVLtree.AVLTree.insert(AVLTree.java:49)
	at AVLtree.AVLTree.insert(AVLTree.java:49)
	at AVLtree.AVLTree.insert(AVLTree.java:49)
	at AVLtree.AVLTree.insert(AVLTree.java:49)
	at AVLtree.AVLTree.insert(AVLTree.java:49)
	at AVLtree.AVLTree.insert(AVLTree.java:49)
	at AVLtree.AVLTree.insert(AVLTree.java:49)
	at AVLtree.AVLTree.insert(AVLTree.java:49)
	at AVLtree.AVLTree.insert(AVLTree.java:49)
	at AVLtree.AVLTree.insert(AVLTree.java:49)
	at AVLtree.AVLTree.insert(AVLTree.java:49)
	at AVLtree.AVLTree.insert(AVLTree.java:49)
	at AVLtree.AVLTree.insert(AVLTree.java:49)
	at AVLtree.AVLTree.insert(AVLTree.java:49)
	at AVLtree.AVLTree.insert(AVLTree.java:49)
	at AVLtree.AVLTree.insert(AVLTree.java:49)
	at AVLtree.AVLTree.insert(AVLTree.java:49)
	at AVLtree.AVLTree.insert(AVLTree.java:49)
	at AVLtree.AVLTree.insert(AVLTree.java:49)
	at AVLtree.AVLTree.insert(AVLTree.java:49)
	at AVLtree.AVLTree.insert(AVLTree.java:49)
	at AVLtree.AVLTree.insert(AVLTree.java:49)
	at AVLtree.AVLTree.insert(AVLTree.java:49)
	at AVLtree.AVLTree.insert(AVLTree.java:49)
	at AVLtree.AVLTree.insert(AVLTree.java:49)
	at AVLtree.AVLTree.insert(AVLTree.java:49)
	at AVLtree.AVLTree.insert(AVLTree.java:49)
	at AVLtree.AVLTree.insert(AVLTree.java:49)
	at AVLtree.AVLTree.insert(AVLTree.java:49)
	at AVLtree.AVLTree.insert(AVLTree.java:49)
	at AVLtree.AVLTree.insert(AVLTree.java:49)
	at AVLtree.AVLTree.insert(AVLTree.java:49)
	at AVLtree.AVLTree.insert(AVLTree.java:49)
	at AVLtree.AVLTree.insert(AVLTree.java:49)
	at AVLtree.AVLTree.insert(AVLTree.java:49)
	at AVLtree.AVLTree.insert(AVLTree.java:49)
	at AVLtree.AVLTree.insert(AVLTree.java:49)
	at AVLtree.AVLTree.insert(AVLTree.java:49)
	at AVLtree.AVLTree.insert(AVLTree.java:49)
	at AVLtree.AVLTree.insert(AVLTree.java:49)
	at AVLtree.AVLTree.insert(AVLTree.java:49)
	at AVLtree.AVLTree.insert(AVLTree.java:49)
	at AVLtree.AVLTree.insert(AVLTree.java:49)
	at AVLtree.AVLTree.insert(AVLTree.java:49)
	at AVLtree.AVLTree.insert(AVLTree.java:49)
	at AVLtree.AVLTree.insert(AVLTree.java:49)
	at AVLtree.AVLTree.insert(AVLTree.java:49)
	at AVLtree.AVLTree.insert(AVLTree.java:49)
	at AVLtree.AVLTree.insert(AVLTree.java:49)
	at AVLtree.AVLTree.insert(AVLTree.java:49)
	at AVLtree.AVLTree.insert(AVLTree.java:49)
	at AVLtree.AVLTree.insert(AVLTree.java:49)
	at AVLtree.AVLTree.insert(AVLTree.java:49)
	at AVLtree.AVLTree.insert(AVLTree.java:49)
	at AVLtree.AVLTree.insert(AVLTree.java:49)
	at AVLtree.AVLTree.insert(AVLTree.java:49)
	at AVLtree.AVLTree.insert(AVLTree.java:49)
	at AVLtree.AVLTree.insert(AVLTree.java:49)
	at AVLtree.AVLTree.insert(AVLTree.java:49)
	at AVLtree.AVLTree.insert(AVLTree.java:49)
	at AVLtree.AVLTree.insert(AVLTree.java:49)
	at AVLtree.AVLTree.insert(AVLTree.java:49)
	at AVLtree.AVLTree.insert(AVLTree.java:49)
	at AVLtree.AVLTree.insert(AVLTree.java:49)
	at AVLtree.AVLTree.insert(AVLTree.java:49)
	at AVLtree.AVLTree.insert(AVLTree.java:49)
	at AVLtree.AVLTree.insert(AVLTree.java:49)
	at AVLtree.AVLTree.insert(AVLTree.java:49)
	at AVLtree.AVLTree.insert(AVLTree.java:49)
	at AVLtree.AVLTree.insert(AVLTree.java:49)
	at AVLtree.AVLTree.insert(AVLTree.java:49)
	at AVLtree.AVLTree.insert(AVLTree.java:49)
	at AVLtree.AVLTree.insert(AVLTree.java:49)
	at AVLtree.AVLTree.insert(AVLTree.java:49)
	at AVLtree.AVLTree.insert(AVLTree.java:49)
	at AVLtree.AVLTree.insert(AVLTree.java:49)
	at AVLtree.AVLTree.insert(AVLTree.java:49)
	at AVLtree.AVLTree.insert(AVLTree.java:49)
	at AVLtree.AVLTree.insert(AVLTree.java:49)
	at AVLtree.AVLTree.insert(AVLTree.java:49)
	at AVLtree.AVLTree.insert(AVLTree.java:49)
	at AVLtree.AVLTree.insert(AVLTree.java:49)
	at AVLtree.AVLTree.insert(AVLTree.java:49)
	at AVLtree.AVLTree.insert(AVLTree.java:49)
	at AVLtree.AVLTree.insert(AVLTree.java:49)
	at AVLtree.AVLTree.insert(AVLTree.java:49)
	at AVLtree.AVLTree.insert(AVLTree.java:49)
	at AVLtree.AVLTree.insert(AVLTree.java:49)
	at AVLtree.AVLTree.insert(AVLTree.java:49)
	at AVLtree.AVLTree.insert(AVLTree.java:49)
	at AVLtree.AVLTree.insert(AVLTree.java:49)
	at AVLtree.AVLTree.insert(AVLTree.java:49)
	at AVLtree.AVLTree.insert(AVLTree.java:49)
	at AVLtree.AVLTree.insert(AVLTree.java:49)
	at AVLtree.AVLTree.insert(AVLTree.java:49)
	at AVLtree.AVLTree.insert(AVLTree.java:49)
	at AVLtree.AVLTree.insert(AVLTree.java:49)
	at AVLtree.AVLTree.insert(AVLTree.java:49)
	at AVLtree.AVLTree.insert(AVLTree.java:49)
	at AVLtree.AVLTree.insert(AVLTree.java:49)
	at AVLtree.AVLTree.insert(AVLTree.java:49)
	at AVLtree.AVLTree.insert(AVLTree.java:49)
	at AVLtree.AVLTree.insert(AVLTree.java:49)
	at AVLtree.AVLTree.insert(AVLTree.java:49)
	at AVLtree.AVLTree.insert(AVLTree.java:49)
	at AVLtree.AVLTree.insert(AVLTree.java:49)
	at AVLtree.AVLTree.insert(AVLTree.java:49)
	at AVLtree.AVLTree.insert(AVLTree.java:49)
	at AVLtree.AVLTree.insert(AVLTree.java:49)
	at AVLtree.AVLTree.insert(AVLTree.java:49)
	at AVLtree.AVLTree.insert(AVLTree.java:49)
	at AVLtree.AVLTree.insert(AVLTree.java:49)
	at AVLtree.AVLTree.insert(AVLTree.java:49)
	at AVLtree.AVLTree.insert(AVLTree.java:49)
	at AVLtree.AVLTree.insert(AVLTree.java:49)
	at AVLtree.AVLTree.insert(AVLTree.java:49)
	at AVLtree.AVLTree.insert(AVLTree.java:49)
	at AVLtree.AVLTree.insert(AVLTree.java:49)
	at AVLtree.AVLTree.insert(AVLTree.java:49)
	at AVLtree.AVLTree.insert(AVLTree.java:49)
	at AVLtree.AVLTree.insert(AVLTree.java:49)
	at AVLtree.AVLTree.insert(AVLTree.java:49)
	at AVLtree.AVLTree.insert(AVLTree.java:49)
	at AVLtree.AVLTree.insert(AVLTree.java:49)
	at AVLtree.AVLTree.insert(AVLTree.java:49)
	at AVLtree.AVLTree.insert(AVLTree.java:49)
	at AVLtree.AVLTree.insert(AVLTree.java:49)
	at AVLtree.AVLTree.insert(AVLTree.java:49)
	at AVLtree.AVLTree.insert(AVLTree.java:49)
	at AVLtree.AVLTree.insert(AVLTree.java:49)
	at AVLtree.AVLTree.insert(AVLTree.java:49)
	at AVLtree.AVLTree.insert(AVLTree.java:49)
	at AVLtree.AVLTree.insert(AVLTree.java:49)
	at AVLtree.AVLTree.insert(AVLTree.java:49)
	at AVLtree.AVLTree.insert(AVLTree.java:49)
	at AVLtree.AVLTree.insert(AVLTree.java:49)
	at AVLtree.AVLTree.insert(AVLTree.java:49)
	at AVLtree.AVLTree.insert(AVLTree.java:49)
	at AVLtree.AVLTree.insert(AVLTree.java:49)
	at AVLtree.AVLTree.insert(AVLTree.java:49)
	at AVLtree.AVLTree.insert(AVLTree.java:49)
	at AVLtree.AVLTree.insert(AVLTree.java:49)
	at AVLtree.AVLTree.insert(AVLTree.java:49)
	at AVLtree.AVLTree.insert(AVLTree.java:49)
	at AVLtree.AVLTree.insert(AVLTree.java:49)
	at AVLtree.AVLTree.insert(AVLTree.java:49)
	at AVLtree.AVLTree.insert(AVLTree.java:49)
	at AVLtree.AVLTree.insert(AVLTree.java:49)
	at AVLtree.AVLTree.insert(AVLTree.java:49)
	at AVLtree.AVLTree.insert(AVLTree.java:49)
	at AVLtree.AVLTree.insert(AVLTree.java:49)
	at AVLtree.AVLTree.insert(AVLTree.java:49)
	at AVLtree.AVLTree.insert(AVLTree.java:49)
	at AVLtree.AVLTree.insert(AVLTree.java:49)
	at AVLtree.AVLTree.insert(AVLTree.java:49)
	at AVLtree.AVLTree.insert(AVLTree.java:49)
	at AVLtree.AVLTree.insert(AVLTree.java:49)
	at AVLtree.AVLTree.insert(AVLTree.java:49)
	at AVLtree.AVLTree.insert(AVLTree.java:49)
	at AVLtree.AVLTree.insert(AVLTree.java:49)
	at AVLtree.AVLTree.insert(AVLTree.java:49)
	at AVLtree.AVLTree.insert(AVLTree.java:49)
	at AVLtree.AVLTree.insert(AVLTree.java:49)
	at AVLtree.AVLTree.insert(AVLTree.java:49)
	at AVLtree.AVLTree.insert(AVLTree.java:49)
	at AVLtree.AVLTree.insert(AVLTree.java:49)
	at AVLtree.AVLTree.insert(AVLTree.java:49)
	at AVLtree.AVLTree.insert(AVLTree.java:49)
	at AVLtree.AVLTree.insert(AVLTree.java:49)
	at AVLtree.AVLTree.insert(AVLTree.java:49)
	at AVLtree.AVLTree.insert(AVLTree.java:49)
	at AVLtree.AVLTree.insert(AVLTree.java:49)
	at AVLtree.AVLTree.insert(AVLTree.java:49)
	at AVLtree.AVLTree.insert(AVLTree.java:49)
	at AVLtree.AVLTree.insert(AVLTree.java:49)
	at AVLtree.AVLTree.insert(AVLTree.java:49)
	at AVLtree.AVLTree.insert(AVLTree.java:49)
	at AVLtree.AVLTree.insert(AVLTree.java:49)
	at AVLtree.AVLTree.insert(AVLTree.java:49)
	at AVLtree.AVLTree.insert(AVLTree.java:49)
	at AVLtree.AVLTree.insert(AVLTree.java:49)
	at AVLtree.AVLTree.insert(AVLTree.java:49)

